<?xml version="1.0" encoding="UTF-8"?>
<!-- Generated by org.testng.reporters.JUnitReportReporter -->
<testsuite hostname="Dineshs-MacBook-Pro.local" failures="0" tests="2" name="testClasses.DataStructureTests" time="45.543" errors="0" timestamp="2025-05-19T14:39:18 EDT" skipped="0">
  <testcase classname="testClasses.DataStructureTests" name="testValidOutputforTimeComplexity1" time="18.339"/>
  <testcase classname="testClasses.DataStructureTests" name="testInValidOutputforTimeComplexity" time="27.204"/>
</testsuite> <!-- testClasses.DataStructureTests -->
