<?xml version="1.0" encoding="UTF-8"?>
<!-- Generated by org.testng.reporters.JUnitReportReporter -->
<testsuite hostname="Dineshs-MacBook-Pro.local" failures="0" tests="2" name="testClasses.DataStructureTests" time="3.309" errors="0" timestamp="2025-05-16T11:06:53 EDT" skipped="0">
  <testcase classname="testClasses.DataStructureTests" name="testValidOutputforTimeComplexity1" time="2.211"/>
  <testcase classname="testClasses.DataStructureTests" name="testInValidOutputforTimeComplexity" time="1.098"/>
</testsuite> <!-- testClasses.DataStructureTests -->
