<?xml version="1.0" encoding="UTF-8"?>
<!-- Generated by org.testng.reporters.JUnitReportReporter -->
<testsuite hostname="Dineshs-MacBook-Pro.local" failures="0" tests="1" name="testClasses.ArrayTests" time="9.659" errors="0" timestamp="2025-05-20T08:13:17 EDT" skipped="0">
  <testcase classname="testClasses.ArrayTests" name="EvenNumberOfDigits1" time="9.659"/>
</testsuite> <!-- testClasses.ArrayTests -->
