<?xml version="1.0" encoding="UTF-8"?>
<!-- Generated by org.testng.reporters.JUnitReportReporter -->
<testsuite hostname="Jaanvi" failures="0" tests="2" name="testClasses.DataStructureTests" time="9.893" errors="0" timestamp="2025-05-17T21:19:53 CDT" skipped="0">
  <testcase classname="testClasses.DataStructureTests" name="testValidOutputforTimeComplexity1" time="5.188"/>
  <testcase classname="testClasses.DataStructureTests" name="testInValidOutputforTimeComplexity" time="4.705"/>
</testsuite> <!-- testClasses.DataStructureTests -->
