<?xml version="1.0" encoding="UTF-8"?>
<!-- Generated by org.testng.reporters.JUnitReportReporter -->
<testsuite hostname="Dineshs-MacBook-Pro.local" failures="0" tests="8" name="testClasses.HomeTests" time="91.309" errors="0" timestamp="2025-05-19T14:39:18 EDT" skipped="0">
  <testcase classname="testClasses.HomeTests" name="DSDropdown" time="14.191"/>
  <testcase classname="testClasses.HomeTests" name="DataStructureIntroductionGetstarted" time="16.295"/>
  <testcase classname="testClasses.HomeTests" name="ArrayGetStarted" time="8.791"/>
  <testcase classname="testClasses.HomeTests" name="LinkedListGetStarted" time="8.497"/>
  <testcase classname="testClasses.HomeTests" name="StackGetStarted" time="7.866"/>
  <testcase classname="testClasses.HomeTests" name="QueueGetStarted" time="12.469"/>
  <testcase classname="testClasses.HomeTests" name="TreeGetStarted" time="10.957"/>
  <testcase classname="testClasses.HomeTests" name="GraphGetStarted" time="12.243"/>
</testsuite> <!-- testClasses.HomeTests -->
