<?xml version="1.0" encoding="UTF-8"?>
<!-- Generated by org.testng.reporters.JUnitReportReporter -->
<testsuite hostname="Dineshs-MacBook-Pro.local" failures="0" tests="1" name="testClasses.RegisterTests" time="6.976" errors="0" timestamp="2025-05-19T20:03:21 EDT" skipped="0">
  <testcase classname="testClasses.RegisterTests" name="testEmptyUsernameValidation" time="6.976"/>
</testsuite> <!-- testClasses.RegisterTests -->
