<?xml version="1.0" encoding="UTF-8"?>
<!-- Generated by org.testng.reporters.JUnitReportReporter -->
<testsuite hostname="Dineshs-MacBook-Pro.local" failures="0" tests="9" name="testClasses.StackTests" time="153.867" errors="0" timestamp="2025-05-19T14:39:18 EDT" skipped="0">
  <testcase classname="testClasses.StackTests" name="testInvalidCodeRunInsideOpsStack" time="18.834"/>
  <testcase classname="testClasses.StackTests" name="testValidCodeStackRepresentation" time="26.843"/>
  <testcase classname="testClasses.StackTests" name="testInvalidCodeRunInsideApplications" time="19.149"/>
  <testcase classname="testClasses.StackTests" name="testInvalidCodeStackRepresentation" time="20.767"/>
  <testcase classname="testClasses.StackTests" name="testValidCodeRunInsideOpsStack" time="17.047"/>
  <testcase classname="testClasses.StackTests" name="testValidCodeRunInsideApplications" time="12.364"/>
  <testcase classname="testClasses.StackTests" name="testPracticeQuestionsApplications" time="14.168"/>
  <testcase classname="testClasses.StackTests" name="testPracticeQuestionsOpsStack" time="8.934"/>
  <testcase classname="testClasses.StackTests" name="testPracticeQuestionsImplemntation" time="15.761"/>
</testsuite> <!-- testClasses.StackTests -->
