<?xml version="1.0" encoding="UTF-8"?>
<!-- Generated by org.testng.reporters.JUnitReportReporter -->
<testsuite hostname="Dineshs-MacBook-Pro.local" failures="0" tests="4" name="testClasses.RegisterTests" time="46.239" errors="1" timestamp="2025-05-19T14:39:18 EDT" skipped="0">
  <testcase classname="testClasses.RegisterTests" name="testValidRegistration" time="7.263">
    <error message="Invalid row index: 3" type="java.lang.IllegalArgumentException">
      <![CDATA[java.lang.IllegalArgumentException: Invalid row index: 3
at dsAlgoPageObjects.RegisterPageObj.fillRegistrationForm(RegisterPageObj.java:85)
at testClasses.RegisterTests.testValidRegistration(RegisterTests.java:57)
at java.base/jdk.internal.reflect.DirectMethodHandleAccessor.invoke(DirectMethodHandleAccessor.java:103)
at java.base/java.lang.reflect.Method.invoke(Method.java:580)
at org.testng.internal.invokers.MethodInvocationHelper.invokeMethod(MethodInvocationHelper.java:141)
at org.testng.internal.invokers.TestInvoker.invokeMethod(TestInvoker.java:687)
at org.testng.internal.invokers.TestInvoker.invokeTestMethod(TestInvoker.java:230)
at org.testng.internal.invokers.MethodRunner.runInSequence(MethodRunner.java:63)
at org.testng.internal.invokers.TestInvoker$MethodInvocationAgent.invoke(TestInvoker.java:995)
at org.testng.internal.invokers.TestInvoker.invokeTestMethods(TestInvoker.java:203)
at org.testng.internal.invokers.TestMethodWorker.invokeTestMethods(TestMethodWorker.java:154)
at org.testng.internal.invokers.TestMethodWorker.run(TestMethodWorker.java:134)
at java.base/java.util.concurrent.Executors$RunnableAdapter.call(Executors.java:572)
at java.base/java.util.concurrent.FutureTask.run(FutureTask.java:317)
at org.testng.internal.thread.graph.TestNGFutureTask.run(TestNGFutureTask.java:22)
at java.base/java.util.concurrent.ThreadPoolExecutor.runWorker(ThreadPoolExecutor.java:1144)
at java.base/java.util.concurrent.ThreadPoolExecutor$Worker.run(ThreadPoolExecutor.java:642)
at java.base/java.lang.Thread.run(Thread.java:1575)
]]>
    </error>
  </testcase> <!-- testValidRegistration -->
  <testcase classname="testClasses.RegisterTests" name="testPasswordMismatchRegistration" time="11.671"/>
  <testcase classname="testClasses.RegisterTests" name="testEmptyUsernameValidation" time="13.414"/>
  <testcase classname="testClasses.RegisterTests" name="testNumericPasswordValidation" time="13.891"/>
</testsuite> <!-- testClasses.RegisterTests -->
