<?xml version="1.0" encoding="UTF-8"?>
<!-- Generated by org.testng.reporters.JUnitReportReporter -->
<testsuite hostname="Dineshs-MacBook-Pro.local" failures="0" tests="1" name="testClasses.ArrayTests" time="10.835" errors="0" timestamp="2025-05-20T10:09:10 EDT" skipped="0">
  <testcase classname="testClasses.ArrayTests" name="MaxConsecutiveOnes" time="10.835"/>
</testsuite> <!-- testClasses.ArrayTests -->
