<?xml version="1.0" encoding="UTF-8"?>
<!-- Generated by org.testng.reporters.JUnitReportReporter -->
<testsuite hostname="Dineshs-MacBook-Pro.local" failures="0" tests="1" name="testClasses.DataStructureTests" time="1.463" errors="0" timestamp="2025-05-15T04:22:58 EDT" skipped="0">
  <testcase classname="testClasses.DataStructureTests" name="testInValidOutputforTimeComplexity" time="1.463"/>
</testsuite> <!-- testClasses.DataStructureTests -->
