<?xml version="1.0" encoding="UTF-8"?>
<!-- Generated by org.testng.reporters.JUnitReportReporter -->
<testsuite hostname="Dineshs-MacBook-Pro.local" failures="0" tests="1" name="testClasses.TreeTests" time="9.275" errors="0" timestamp="2025-05-19T23:39:43 EDT" skipped="0">
  <testcase classname="testClasses.TreeTests" name="clickTraversalsIllustrationsLink1" time="9.275"/>
</testsuite> <!-- testClasses.TreeTests -->
