<?xml version="1.0" encoding="UTF-8"?>
<!-- Generated by org.testng.reporters.JUnitReportReporter -->
<testsuite hostname="Dineshs-MacBook-Pro.local" failures="0" tests="22" name="testClasses.TreeTests" time="331.573" errors="0" timestamp="2025-05-19T14:39:18 EDT" skipped="0">
  <testcase classname="testClasses.TreeTests" name="OverviewOfTreesLink" time="13.772"/>
  <testcase classname="testClasses.TreeTests" name="OverviewOfTreesLink1" time="18.968"/>
  <testcase classname="testClasses.TreeTests" name="clickTerminologiesLink" time="23.780"/>
  <testcase classname="testClasses.TreeTests" name="clickTerminologiesLink1" time="8.055"/>
  <testcase classname="testClasses.TreeTests" name="clickTypesOfTreesLink" time="20.683"/>
  <testcase classname="testClasses.TreeTests" name="clickTypesOfTreesLink1" time="9.566"/>
  <testcase classname="testClasses.TreeTests" name="clickTreeTraversalsLink" time="11.254"/>
  <testcase classname="testClasses.TreeTests" name="clickTreeTraversalsLink1" time="21.246"/>
  <testcase classname="testClasses.TreeTests" name="clickTraversalsIllustrationsLink" time="18.793"/>
  <testcase classname="testClasses.TreeTests" name="clickTraversalsIllustrationsLink1" time="14.841"/>
  <testcase classname="testClasses.TreeTests" name="clickBinaryTreesLink" time="15.451"/>
  <testcase classname="testClasses.TreeTests" name="clickBinaryTreesLink1" time="15.444"/>
  <testcase classname="testClasses.TreeTests" name="clickTypesofBinaryTreesLink" time="9.339"/>
  <testcase classname="testClasses.TreeTests" name="clickTypesofBinaryTreesLink1" time="9.506"/>
  <testcase classname="testClasses.TreeTests" name="clickImplementationOfBinaryTreesLink" time="15.917"/>
  <testcase classname="testClasses.TreeTests" name="clickImplementationOfBinaryTreesLink1" time="7.497"/>
  <testcase classname="testClasses.TreeTests" name="clickApplicationOfBinaryTreesLink" time="16.181"/>
  <testcase classname="testClasses.TreeTests" name="clickApplicationOfBinaryTreesLink1" time="15.022"/>
  <testcase classname="testClasses.TreeTests" name="clickBinarySearchTreesLink" time="15.223"/>
  <testcase classname="testClasses.TreeTests" name="clickBinarySearchTreesLink1" time="18.998"/>
  <testcase classname="testClasses.TreeTests" name="clickImplementationofBTSLink" time="14.472"/>
  <testcase classname="testClasses.TreeTests" name="clickImplementationofBTSLink1" time="17.565"/>
</testsuite> <!-- testClasses.TreeTests -->
