<?xml version="1.0" encoding="UTF-8"?>
<!-- Generated by org.testng.reporters.JUnitReportReporter -->
<testsuite hostname="Dineshs-MacBook-Pro.local" failures="0" tests="3" name="testClasses.SignInTests" time="45.163" errors="0" timestamp="2025-05-19T14:39:18 EDT" skipped="0">
  <testcase classname="testClasses.SignInTests" name="testValidLogin" time="17.941"/>
  <testcase classname="testClasses.SignInTests" name="testInvalidLogin" time="15.418"/>
  <testcase classname="testClasses.SignInTests" name="testEmptyData" time="11.804"/>
</testsuite> <!-- testClasses.SignInTests -->
