<?xml version="1.0" encoding="UTF-8"?>
<!-- Generated by org.testng.reporters.JUnitReportReporter -->
<testsuite hostname="Dineshs-MacBook-Pro.local" failures="0" tests="1" name="testClasses.RegisterTests" time="6.978" errors="0" timestamp="2025-05-19T23:38:06 EDT" skipped="0">
  <testcase classname="testClasses.RegisterTests" name="testPasswordMismatchRegistration" time="6.978"/>
</testsuite> <!-- testClasses.RegisterTests -->
