<?xml version="1.0" encoding="UTF-8"?>
<!-- Generated by org.testng.reporters.JUnitReportReporter -->
<testsuite hostname="Dineshs-MacBook-Pro.local" failures="0" tests="1" name="testClasses.ArrayTests" time="9.933" errors="0" timestamp="2025-05-19T23:40:52 EDT" skipped="0">
  <testcase classname="testClasses.ArrayTests" name="ArraysinPython1" time="9.933"/>
</testsuite> <!-- testClasses.ArrayTests -->
