<?xml version="1.0" encoding="UTF-8"?>
<!-- Generated by org.testng.reporters.JUnitReportReporter -->
<testsuite hostname="Dineshs-MacBook-Pro.local" failures="0" tests="6" name="testClasses.GraphTests" time="96.803" errors="0" timestamp="2025-05-19T14:39:18 EDT" skipped="0">
  <testcase classname="testClasses.GraphTests" name="testInvalidCodeGraphRepresentation" time="18.952"/>
  <testcase classname="testClasses.GraphTests" name="testValidCodeRunInsideGraph" time="12.581"/>
  <testcase classname="testClasses.GraphTests" name="testInvalidCodeRunInsideGraph" time="18.015"/>
  <testcase classname="testClasses.GraphTests" name="testValidCodeGraphRepresentation" time="19.777"/>
  <testcase classname="testClasses.GraphTests" name="testPracticeQuestionsLinkInsideGraph" time="11.325"/>
  <testcase classname="testClasses.GraphTests" name="testPracticeQuestionsGraphRepresentation" time="16.153"/>
</testsuite> <!-- testClasses.GraphTests -->
