<?xml version="1.0" encoding="UTF-8"?>
<!-- Generated by org.testng.reporters.JUnitReportReporter -->
<testsuite hostname="Dineshs-MacBook-Pro.local" failures="0" tests="1" name="testClasses.TreeTests" time="9.447" errors="0" timestamp="2025-05-20T08:40:28 EDT" skipped="0">
  <testcase classname="testClasses.TreeTests" name="clickTraversalsIllustrationsLink" time="9.447"/>
</testsuite> <!-- testClasses.TreeTests -->
