<?xml version="1.0" encoding="UTF-8"?>
<!-- Generated by org.testng.reporters.JUnitReportReporter -->
<testsuite hostname="Dineshs-MacBook-Pro.local" failures="0" tests="1" name="testClasses.QueueTests" time="11.948" errors="0" timestamp="2025-05-20T08:20:52 EDT" skipped="0">
  <testcase classname="testClasses.QueueTests" name="testInvalidCodeRunImplementationusingCollectionsPage" time="11.948"/>
</testsuite> <!-- testClasses.QueueTests -->
