<?xml version="1.0" encoding="UTF-8"?>
<!-- Generated by org.testng.reporters.JUnitReportReporter -->
<testsuite hostname="Dineshs-MacBook-Pro.local" failures="0" tests="1" name="testClasses.SignInTests" time="9.792" errors="0" timestamp="2025-05-19T19:47:40 EDT" skipped="0">
  <testcase classname="testClasses.SignInTests" name="testInvalidLogin" time="9.792"/>
</testsuite> <!-- testClasses.SignInTests -->
