<?xml version="1.0" encoding="UTF-8"?>
<!-- Generated by org.testng.reporters.JUnitReportReporter -->
<testsuite hostname="Dineshs-MacBook-Pro.local" failures="0" tests="4" name="testClasses.RegisterTests" time="10.753" errors="0" timestamp="2025-05-16T11:17:23 EDT" skipped="0">
  <testcase classname="testClasses.RegisterTests" name="testValidRegistration" time="1.304"/>
  <testcase classname="testClasses.RegisterTests" name="testEmptyUsernameValidation" time="1.540"/>
  <testcase classname="testClasses.RegisterTests" name="testPasswordMismatchRegistration" time="1.077"/>
  <testcase classname="testClasses.RegisterTests" name="testNumericPasswordValidation" time="6.832"/>
</testsuite> <!-- testClasses.RegisterTests -->
