<?xml version="1.0" encoding="UTF-8"?>
<!-- Generated by org.testng.reporters.JUnitReportReporter -->
<testsuite hostname="Dineshs-MacBook-Pro.local" failures="0" tests="1" name="testClasses.QueueTests" time="12.111" errors="0" timestamp="2025-05-20T09:33:01 EDT" skipped="0">
  <testcase classname="testClasses.QueueTests" name="testInvalidCodeRunQueueOperationsPage" time="12.111"/>
</testsuite> <!-- testClasses.QueueTests -->
